<?xml version="1.0" encoding="UTF-8"?>
<testng-results skipped="0" failed="1" ignored="0" total="4" passed="3">
  <reporter-output>
  </reporter-output>
  <suite name="CRM Automation Test Regression Suite" duration-ms="21395" started-at="2020-07-07T17:52:48Z" finished-at="2020-07-07T17:53:09Z">
    <groups>
    </groups>
    <test name="CRM App Testing-- FireFox" duration-ms="21255" started-at="2020-07-07T17:52:48Z" finished-at="2020-07-07T17:53:09Z">
      <class name="com.myTest.LoginPageTest">
        <test-method status="PASS" signature="setUp(java.lang.String)[pri:0, instance:com.myTest.LoginPageTest@57fffcd7]" name="setUp" is-config="true" duration-ms="9234" started-at="2020-07-07T17:52:48Z" finished-at="2020-07-07T17:52:57Z">
          <params>
            <param index="0">
              <value>
                <![CDATA[firefox]]>
              </value>
            </param>
          </params>
          <reporter-output>
          </reporter-output>
        </test-method> <!-- setUp -->
        <test-method status="PASS" signature="getLoginPageTitleTest()[pri:0, instance:com.myTest.LoginPageTest@57fffcd7]" name="getLoginPageTitleTest" duration-ms="10" started-at="2020-07-07T17:52:57Z" finished-at="2020-07-07T17:52:57Z">
          <reporter-output>
          </reporter-output>
        </test-method> <!-- getLoginPageTitleTest -->
        <test-method status="PASS" signature="tearDown()[pri:0, instance:com.myTest.LoginPageTest@57fffcd7]" name="tearDown" is-config="true" duration-ms="1936" started-at="2020-07-07T17:52:57Z" finished-at="2020-07-07T17:52:59Z">
          <reporter-output>
          </reporter-output>
        </test-method> <!-- tearDown -->
      </class> <!-- com.myTest.LoginPageTest -->
      <class name="com.myTest.HomePageTest">
        <test-method status="PASS" signature="setUp(java.lang.String)[pri:0, instance:com.myTest.HomePageTest@31ef45e3]" name="setUp" is-config="true" duration-ms="8138" started-at="2020-07-07T17:52:59Z" finished-at="2020-07-07T17:53:07Z">
          <params>
            <param index="0">
              <value>
                <![CDATA[firefox]]>
              </value>
            </param>
          </params>
          <reporter-output>
          </reporter-output>
        </test-method> <!-- setUp -->
        <test-method status="FAIL" signature="getHomePageTitleTest()[pri:0, instance:com.myTest.HomePageTest@31ef45e3]" name="getHomePageTitleTest" duration-ms="321" started-at="2020-07-07T17:53:07Z" finished-at="2020-07-07T17:53:08Z">
          <exception class="java.lang.AssertionError">
            <message>
              <![CDATA[expected [CRMPRO] but found [CRMPRO - CRM software for customer relationship management, sales, and support.]]]>
            </message>
            <full-stacktrace>
              <![CDATA[java.lang.AssertionError: expected [CRMPRO] but found [CRMPRO - CRM software for customer relationship management, sales, and support.]
at org.testng.Assert.fail(Assert.java:96)
at org.testng.Assert.failNotEquals(Assert.java:776)
at org.testng.Assert.assertEqualsImpl(Assert.java:137)
at org.testng.Assert.assertEquals(Assert.java:118)
at org.testng.Assert.assertEquals(Assert.java:453)
at org.testng.Assert.assertEquals(Assert.java:463)
at com.myTest.HomePageTest.getHomePageTitleTest(HomePageTest.java:18)
at sun.reflect.NativeMethodAccessorImpl.invoke0(Native Method)
at sun.reflect.NativeMethodAccessorImpl.invoke(NativeMethodAccessorImpl.java:62)
at sun.reflect.DelegatingMethodAccessorImpl.invoke(DelegatingMethodAccessorImpl.java:43)
at java.lang.reflect.Method.invoke(Method.java:498)
at org.testng.internal.MethodInvocationHelper.invokeMethod(MethodInvocationHelper.java:124)
at org.testng.internal.Invoker.invokeMethod(Invoker.java:583)
at org.testng.internal.Invoker.invokeTestMethod(Invoker.java:719)
at org.testng.internal.Invoker.invokeTestMethods(Invoker.java:989)
at org.testng.internal.TestMethodWorker.invokeTestMethods(TestMethodWorker.java:125)
at org.testng.internal.TestMethodWorker.run(TestMethodWorker.java:109)
at org.testng.TestRunner.privateRun(TestRunner.java:648)
at org.testng.TestRunner.run(TestRunner.java:505)
at org.testng.SuiteRunner.runTest(SuiteRunner.java:455)
at org.testng.SuiteRunner.access$000(SuiteRunner.java:40)
at org.testng.SuiteRunner$SuiteWorker.run(SuiteRunner.java:489)
at org.testng.internal.thread.ThreadUtil$1.call(ThreadUtil.java:52)
at java.util.concurrent.FutureTask.run(FutureTask.java:266)
at java.util.concurrent.ThreadPoolExecutor.runWorker(ThreadPoolExecutor.java:1149)
at java.util.concurrent.ThreadPoolExecutor$Worker.run(ThreadPoolExecutor.java:624)
at java.lang.Thread.run(Thread.java:748)
]]>
            </full-stacktrace>
          </exception> <!-- java.lang.AssertionError -->
          <reporter-output>
          </reporter-output>
        </test-method> <!-- getHomePageTitleTest -->
        <test-method status="PASS" signature="tearDown()[pri:0, instance:com.myTest.HomePageTest@31ef45e3]" name="tearDown" is-config="true" duration-ms="1589" started-at="2020-07-07T17:53:08Z" finished-at="2020-07-07T17:53:09Z">
          <reporter-output>
          </reporter-output>
        </test-method> <!-- tearDown -->
      </class> <!-- com.myTest.HomePageTest -->
    </test> <!-- CRM App Testing- FireFox -->
    <test name="CRM App Testing--Chrome" duration-ms="21395" started-at="2020-07-07T17:52:48Z" finished-at="2020-07-07T17:53:09Z">
      <class name="com.myTest.LoginPageTest">
        <test-method status="PASS" signature="setUp(java.lang.String)[pri:0, instance:com.myTest.LoginPageTest@47c62251]" name="setUp" is-config="true" duration-ms="8776" started-at="2020-07-07T17:52:48Z" finished-at="2020-07-07T17:52:57Z">
          <params>
            <param index="0">
              <value>
                <![CDATA[chrome]]>
              </value>
            </param>
          </params>
          <reporter-output>
          </reporter-output>
        </test-method> <!-- setUp -->
        <test-method status="PASS" signature="getLoginPageTitleTest()[pri:0, instance:com.myTest.LoginPageTest@47c62251]" name="getLoginPageTitleTest" duration-ms="25" started-at="2020-07-07T17:52:57Z" finished-at="2020-07-07T17:52:57Z">
          <reporter-output>
          </reporter-output>
        </test-method> <!-- getLoginPageTitleTest -->
        <test-method status="PASS" signature="tearDown()[pri:0, instance:com.myTest.LoginPageTest@47c62251]" name="tearDown" is-config="true" duration-ms="780" started-at="2020-07-07T17:52:57Z" finished-at="2020-07-07T17:52:58Z">
          <reporter-output>
          </reporter-output>
        </test-method> <!-- tearDown -->
      </class> <!-- com.myTest.LoginPageTest -->
      <class name="com.myTest.HomePageTest">
        <test-method status="PASS" signature="setUp(java.lang.String)[pri:0, instance:com.myTest.HomePageTest@3e6fa38a]" name="setUp" is-config="true" duration-ms="7656" started-at="2020-07-07T17:52:58Z" finished-at="2020-07-07T17:53:05Z">
          <params>
            <param index="0">
              <value>
                <![CDATA[chrome]]>
              </value>
            </param>
          </params>
          <reporter-output>
          </reporter-output>
        </test-method> <!-- setUp -->
        <test-method status="PASS" signature="getHomePageTitleTest()[pri:0, instance:com.myTest.HomePageTest@3e6fa38a]" name="getHomePageTitleTest" duration-ms="3335" started-at="2020-07-07T17:53:05Z" finished-at="2020-07-07T17:53:09Z">
          <reporter-output>
          </reporter-output>
        </test-method> <!-- getHomePageTitleTest -->
        <test-method status="PASS" signature="tearDown()[pri:0, instance:com.myTest.HomePageTest@3e6fa38a]" name="tearDown" is-config="true" duration-ms="801" started-at="2020-07-07T17:53:09Z" finished-at="2020-07-07T17:53:09Z">
          <reporter-output>
          </reporter-output>
        </test-method> <!-- tearDown -->
      </class> <!-- com.myTest.HomePageTest -->
    </test> <!-- CRM App Testing-Chrome -->
  </suite> <!-- CRM Automation Test Regression Suite -->
</testng-results>
